2017-10-02 12:35:40,893 INFO 98, 4159
2017-10-02 12:36:40,947 INFO 90, 4087
2017-10-02 12:37:40,953 INFO 88, 4080
2017-10-02 12:38:41,007 INFO 87, 4067
2017-10-02 12:39:41,012 INFO 86, 4057
2017-10-02 12:40:41,018 INFO 86, 4057
2017-10-02 12:41:41,023 INFO 85, 4057
2017-10-02 12:42:41,028 INFO 85, 4057
2017-10-02 12:43:41,083 INFO 85, 4050
2017-10-02 12:44:41,089 INFO 83, 4047
2017-10-02 12:45:41,094 INFO 84, 4047
2017-10-02 12:46:41,099 INFO 83, 4034
2017-10-02 12:47:41,104 INFO 82, 4043
2017-10-02 12:48:41,110 INFO 82, 4027
2017-10-02 12:49:41,165 INFO 83, 4020
2017-10-02 12:50:41,219 INFO 81, 4027
2017-10-02 12:51:41,224 INFO 82, 4030
2017-10-02 12:52:41,280 INFO 81, 4020
2017-10-02 12:53:41,285 INFO 81, 4017
2017-10-02 12:54:41,340 INFO 80, 4014
2017-10-02 12:55:41,394 INFO 80, 4004
2017-10-02 12:56:41,399 INFO 79, 4007
2017-10-02 12:57:41,453 INFO 78, 4004
2017-10-02 12:58:41,458 INFO 78, 3998
2017-10-02 12:59:41,513 INFO 78, 3988
2017-10-02 13:00:41,567 INFO 76, 3985
2017-10-02 13:01:41,572 INFO 78, 3988
2017-10-02 13:02:41,626 INFO 76, 3978
2017-10-02 13:03:41,681 INFO 77, 3988
2017-10-02 13:04:41,686 INFO 78, 3985
2017-10-02 13:05:41,741 INFO 75, 3972
2017-10-02 13:06:41,746 INFO 76, 3978
2017-10-02 13:07:41,801 INFO 75, 3969
2017-10-02 13:08:41,807 INFO 73, 3972
2017-10-02 13:09:41,812 INFO 73, 3959
2017-10-02 13:10:41,818 INFO 75, 3963
2017-10-02 13:11:41,823 INFO 72, 3963
2017-10-02 13:12:41,878 INFO 73, 3959
2017-10-02 13:13:41,883 INFO 72, 3956
2017-10-02 13:14:41,888 INFO 72, 3953
2017-10-02 13:15:41,893 INFO 70, 3956
2017-10-02 13:16:41,898 INFO 70, 3947
2017-10-02 13:17:41,953 INFO 70, 3941
2017-10-02 13:18:42,008 INFO 69, 3944
2017-10-02 13:19:42,013 INFO 68, 3931
2017-10-02 13:20:42,019 INFO 68, 3934
2017-10-02 13:21:42,024 INFO 67, 3931
2017-10-02 13:22:42,029 INFO 66, 3922
2017-10-02 13:23:42,083 INFO 66, 3922
2017-10-02 13:24:42,088 INFO 66, 3919
2017-10-02 13:25:42,094 INFO 65, 3909
2017-10-02 13:26:42,099 INFO 64, 3894
2017-10-02 13:27:42,203 INFO 66, 3906
2017-10-02 13:28:42,208 INFO 64, 3903
2017-10-02 13:29:42,263 INFO 62, 3900
2017-10-02 13:30:42,268 INFO 62, 3897
2017-10-02 13:31:42,322 INFO 60, 3900
2017-10-02 13:32:42,327 INFO 61, 3891
2017-10-02 13:33:42,333 INFO 61, 3885
2017-10-02 13:34:42,391 INFO 61, 3885
2017-10-02 13:35:42,397 INFO 60, 3894
2017-10-02 13:36:42,452 INFO 60, 3888
2017-10-02 13:37:42,458 INFO 58, 3879
2017-10-02 13:38:42,463 INFO 60, 3879
2017-10-02 13:39:42,517 INFO 58, 3876
2017-10-02 13:40:42,522 INFO 57, 3864
2017-10-02 13:41:42,527 INFO 58, 3867
2017-10-02 13:42:42,582 INFO 58, 3867
2017-10-02 13:43:42,637 INFO 60, 3864
2017-10-02 13:44:42,692 INFO 56, 3867
2017-10-02 13:45:42,697 INFO 56, 3867
2017-10-02 13:46:42,752 INFO 56, 3864
2017-10-02 13:47:42,807 INFO 57, 3861
2017-10-02 13:48:42,812 INFO 55, 3855
2017-10-02 13:49:42,866 INFO 54, 3849
2017-10-02 13:50:42,872 INFO 54, 3843
2017-10-02 13:51:42,877 INFO 52, 3849
2017-10-02 13:52:42,882 INFO 53, 3840
2017-10-02 13:53:42,887 INFO 53, 3837
2017-10-02 13:54:42,892 INFO 52, 3849
2017-10-02 13:55:42,898 INFO 53, 3840
2017-10-02 13:56:42,952 INFO 52, 3819
2017-10-02 13:57:42,957 INFO 50, 3837
2017-10-02 13:58:42,963 INFO 50, 3828
2017-10-02 13:59:43,017 INFO 51, 3840
2017-10-02 14:00:43,072 INFO 48, 3825
2017-10-02 14:01:43,077 INFO 49, 3828
2017-10-02 14:02:43,083 INFO 50, 3828
2017-10-02 14:03:43,088 INFO 49, 3825
2017-10-02 14:04:43,093 INFO 49, 3813
2017-10-02 14:05:43,099 INFO 47, 3802
2017-10-02 14:06:43,104 INFO 46, 3813
2017-10-02 14:07:43,109 INFO 44, 3816
2017-10-02 14:08:43,212 INFO 42, 3807
2017-10-02 14:09:43,218 INFO 42, 3807
2017-10-02 14:10:43,223 INFO 38, 3802
2017-10-02 14:11:43,277 INFO 42, 3784
2017-10-02 14:12:43,282 INFO 41, 3796
2017-10-02 14:13:43,337 INFO 37, 3802
2017-10-02 14:14:43,342 INFO 37, 3790
2017-10-02 14:15:43,445 INFO 41, 3793
2017-10-02 14:16:43,500 INFO 32, 3793
2017-10-02 14:17:43,554 INFO 37, 3778
2017-10-02 14:18:43,657 INFO 28, 3781
2017-10-02 14:19:43,712 INFO 23, 3778
2017-10-02 14:20:43,720 INFO 29, 3781
2017-10-02 14:21:43,824 INFO 28, 3767
2017-10-02 14:22:43,829 INFO 28, 3773
2017-10-02 14:23:43,885 INFO 27, 3773
2017-10-02 14:24:43,890 INFO 27, 3773
2017-10-02 14:25:43,895 INFO 23, 3767
2017-10-02 14:26:43,900 INFO 24, 3764
2017-10-02 14:27:43,905 INFO 23, 3764
2017-10-02 14:28:43,911 INFO 24, 3753
2017-10-02 14:29:43,916 INFO 23, 3758
2017-10-02 14:30:43,922 INFO 23, 3767
2017-10-02 14:31:43,977 INFO 23, 3758
2017-10-02 14:32:43,982 INFO 22, 3750
2017-10-02 14:33:44,036 INFO 23, 3750
2017-10-02 14:34:44,041 INFO 22, 3750
2017-10-02 14:35:44,096 INFO 20, 3738
2017-10-02 14:36:44,101 INFO 20, 3753
2017-10-02 14:37:44,106 INFO 19, 3736
2017-10-02 14:38:44,111 INFO 20, 3738
2017-10-02 14:39:44,116 INFO 20, 3710
2017-10-02 14:40:44,170 INFO 19, 3741
2017-10-02 14:41:44,225 INFO 19, 3736
2017-10-02 14:42:44,230 INFO 18, 3733
2017-10-02 14:43:44,235 INFO 20, 3736
2017-10-02 14:44:44,240 INFO 17, 3733
2017-10-02 14:45:44,343 INFO 18, 3733
2017-10-02 14:46:44,396 INFO 18, 3719
2017-10-02 14:47:44,401 INFO 16, 3719
2017-10-02 14:48:44,406 INFO 18, 3722
2017-10-02 14:49:44,460 INFO 18, 3733
2017-10-02 14:50:44,515 INFO 15, 3730
2017-10-02 14:51:44,521 INFO 17, 3724
2017-10-02 14:52:44,575 INFO 16, 3724
2017-10-02 14:53:44,581 INFO 15, 3719
2017-10-02 14:54:44,586 INFO 15, 3722
2017-10-02 14:55:44,641 INFO 15, 3710
2017-10-02 14:56:44,696 INFO 14, 3716
2017-10-02 14:57:44,799 INFO 15, 3722
2017-10-02 14:58:44,903 INFO 14, 3710
2017-10-02 14:59:44,957 INFO 14, 3705
2017-10-02 15:00:45,012 INFO 12, 3705
2017-10-02 15:01:45,067 INFO 14, 3708
2017-10-02 15:02:45,072 INFO 14, 3708
2017-10-02 15:03:45,077 INFO 11, 3708
2017-10-02 15:04:45,132 INFO 12, 3699
2017-10-02 15:05:45,137 INFO 13, 3710
2017-10-02 15:06:45,142 INFO 12, 3702
2017-10-02 15:07:45,147 INFO 13, 3702
2017-10-02 15:08:45,203 INFO 12, 3705
2017-10-02 15:09:45,208 INFO 14, 3705
2017-10-02 15:10:45,263 INFO 13, 3694
2017-10-02 15:11:45,269 INFO 13, 3699
2017-10-02 15:12:45,323 INFO 11, 3688
2017-10-02 15:13:45,378 INFO 11, 3688
2017-10-02 15:14:45,383 INFO 11, 3702
2017-10-02 15:15:45,388 INFO 11, 3699
2017-10-02 15:16:45,393 INFO 11, 3686
2017-10-02 15:17:45,449 INFO 10, 3691
2017-10-02 15:18:45,454 INFO 10, 3691
2017-10-02 15:19:45,459 INFO 10, 3691
2017-10-02 15:20:45,464 INFO 9, 3688
2017-10-02 15:21:45,469 INFO 11, 3688
2017-10-02 15:22:45,475 INFO 10, 3677
2017-10-02 15:23:45,529 INFO 6, 3691
2017-10-02 15:24:45,535 INFO 7, 3680
2017-10-02 15:25:45,541 INFO 7, 3683
2017-10-02 15:26:45,596 INFO 9, 3675
2017-10-02 15:27:45,602 INFO 7, 3686
2017-10-02 15:28:45,608 INFO 7, 3677
2017-10-02 15:29:45,662 INFO 9, 3675
2017-10-02 15:30:45,667 INFO 7, 3677
2017-10-02 15:31:45,722 INFO 6, 3680
2017-10-02 15:32:45,728 INFO 6, 3669
2017-10-02 15:33:45,733 INFO 6, 3675
2017-10-02 15:34:45,738 INFO 6, 3667
2017-10-02 15:35:45,743 INFO 6, 3683
2017-10-02 15:36:45,748 INFO 6, 3667
2017-10-02 15:37:45,753 INFO 6, 3672
2017-10-02 15:38:45,759 INFO 6, 3667
2017-10-02 15:39:45,814 INFO 6, 3642
2017-10-02 15:40:45,819 INFO 6, 3669
2017-10-02 15:41:45,824 INFO 6, 3667
2017-10-02 15:42:45,878 INFO 6, 3669
2017-10-02 15:43:45,933 INFO 6, 3664
2017-10-02 15:44:45,938 INFO 6, 3669
2017-10-02 15:45:45,943 INFO 5, 3656
2017-10-02 15:46:45,998 INFO 5, 3667
2017-10-02 15:47:46,003 INFO 5, 3661
2017-10-02 15:48:46,008 INFO 5, 3661
2017-10-02 15:49:46,014 INFO 5, 3664
2017-10-02 15:50:46,020 INFO 5, 3664
2017-10-02 15:51:46,074 INFO 6, 3658
2017-10-02 15:52:46,128 INFO 5, 3656
2017-10-02 15:53:46,183 INFO 5, 3656
2017-10-02 15:54:46,188 INFO 6, 3650
2017-10-02 15:55:46,193 INFO 5, 3650
2017-10-02 15:56:46,199 INFO 5, 3653
2017-10-02 15:57:46,204 INFO 6, 3645
2017-10-02 15:58:46,258 INFO 5, 3650
2017-10-02 15:59:46,263 INFO 5, 3648
2017-10-02 16:00:46,367 INFO 5, 3656
2017-10-02 16:01:46,422 INFO 5, 3645
2017-10-02 16:02:46,427 INFO 5, 3653
2017-10-02 16:03:46,481 INFO 5, 3642
2017-10-02 16:04:46,535 INFO 5, 3648
2017-10-02 16:05:46,590 INFO 5, 3645
2017-10-02 16:06:46,695 INFO 5, 3640
2017-10-02 16:07:46,749 INFO 5, 3642
2017-10-02 16:08:46,807 INFO 5, 3642
2017-10-02 16:09:46,812 INFO 3, 3632
2017-10-02 16:10:46,817 INFO 5, 3634
2017-10-02 16:11:46,823 INFO 4, 3629
2017-10-02 16:12:46,828 INFO 4, 3632
2017-10-02 16:13:46,833 INFO 4, 3624
2017-10-02 16:14:46,839 INFO 4, 3629
2017-10-02 16:15:46,844 INFO 4, 3624
2017-10-02 16:16:46,850 INFO 4, 3624
2017-10-02 16:17:46,954 INFO 4, 3624
2017-10-02 16:18:46,960 INFO 4, 3618
2017-10-02 16:19:46,965 INFO 4, 3613
2017-10-02 16:20:47,019 INFO 4, 3610
2017-10-02 16:21:47,025 INFO 4, 3616
2017-10-02 16:22:47,128 INFO 4, 3543
2017-10-02 16:23:47,134 INFO 4, 3603
2017-10-02 16:24:47,139 INFO 4, 3595
2017-10-02 16:25:47,193 INFO 4, 3597
2017-10-02 16:26:47,198 INFO 4, 3590
2017-10-02 16:27:47,204 INFO 4, 3587
2017-10-02 16:28:47,209 INFO 4, 3592
2017-10-02 16:29:47,215 INFO 3, 3592
2017-10-02 16:30:47,220 INFO 4, 3582
2017-10-02 16:31:47,323 INFO 3, 3582
2017-10-02 16:32:47,377 INFO 3, 3582
2017-10-02 16:33:47,383 INFO 3, 3582
2017-10-02 16:34:47,388 INFO 3, 3577
2017-10-02 16:35:47,442 INFO 3, 3574
2017-10-02 16:36:47,447 INFO 3, 3571
2017-10-02 16:37:47,550 INFO 3, 3571
2017-10-02 16:38:47,556 INFO 3, 3566
2017-10-02 16:39:47,561 INFO 3, 3574
2017-10-02 16:40:47,566 INFO 3, 3564
2017-10-02 16:41:47,622 INFO 3, 3566
2017-10-02 16:42:47,627 INFO 3, 3569
2017-10-02 16:43:47,632 INFO 3, 3566
2017-10-02 16:44:47,687 INFO 3, 3564
2017-10-02 16:45:47,693 INFO 3, 3559
2017-10-02 16:46:47,698 INFO 3, 3554
2017-10-02 16:47:47,703 INFO 3, 3536
2017-10-02 16:48:47,806 INFO 3, 3541
2017-10-02 16:49:47,860 INFO 3, 3538
2017-10-02 16:50:47,866 INFO 3, 3526
2017-10-02 16:51:47,869 INFO 3, 3511
2017-10-02 16:52:47,874 INFO 2, 3511
2017-10-02 16:53:47,929 INFO 2, 3491
2017-10-02 16:54:47,934 INFO 2, 3464
2017-10-02 16:55:47,940 INFO 2, 3443
2017-10-02 16:56:47,945 INFO 1, 3416
2017-10-02 16:57:47,950 INFO 1, 3386
2017-10-02 16:58:48,004 INFO 1, 3340
2017-10-02 16:59:48,058 INFO 0, 3281
                                     2017-10-02 16:17:16,597 INFO 3, 3624
2017-10-04 07:33:47,630 INFO 3, 3640
2017-10-04 07:34:47,684 INFO 16, 3738
2017-10-04 07:35:47,689 INFO 41, 3802
2017-10-04 07:36:47,694 INFO 48, 3843
2017-10-04 07:37:47,700 INFO 58, 3876
2017-10-04 07:38:47,705 INFO 62, 3897
2017-10-04 07:39:47,710 INFO 61, 3882
2017-10-04 07:40:47,764 INFO 62, 3900
2017-10-04 07:41:47,769 INFO 61, 3897
2017-10-04 07:42:47,872 INFO 63, 3897
2017-10-04 07:43:47,878 INFO 64, 3903
2017-10-04 07:44:47,883 INFO 63, 3897
2017-10-04 07:45:47,888 INFO 64, 3900
2017-10-04 07:46:47,893 INFO 65, 3916
2017-10-04 07:47:47,898 INFO 67, 3928
2017-10-04 07:48:47,903 INFO 65, 3928
2017-10-04 07:49:47,958 INFO 67, 3925
2017-10-04 07:50:47,963 INFO 69, 3937
2017-10-04 07:51:48,017 INFO 69, 3941
2017-10-04 07:52:48,022 INFO 70, 3941
2017-10-04 07:53:48,027 INFO 71, 3953
2017-10-04 07:54:48,130 INFO 71, 3963
2017-10-04 07:55:48,185 INFO 72, 3966
2017-10-04 07:56:48,190 INFO 72, 3966
2017-10-04 07:57:48,195 INFO 73, 3972
2017-10-04 07:58:48,200 INFO 74, 3972
2017-10-04 07:59:48,255 INFO 75, 3975
2017-10-04 08:00:48,260 INFO 76, 3975
2017-10-04 08:01:48,265 INFO 75, 3982
2017-10-04 08:02:48,270 INFO 75, 3982
2017-10-04 08:03:48,326 INFO 76, 3972
2017-10-04 08:04:48,381 INFO 76, 3982
2017-10-04 08:05:48,436 INFO 75, 3969
2017-10-04 08:06:48,490 INFO 75, 3982
2017-10-04 08:07:48,496 INFO 77, 3988
2017-10-04 08:08:48,501 INFO 78, 3985
2017-10-04 08:09:48,506 INFO 76, 3988
2017-10-04 08:10:48,559 INFO 76, 3988
2017-10-04 08:11:48,614 INFO 77, 3995
2017-10-04 08:12:48,619 INFO 78, 3995
2017-10-04 08:13:48,624 INFO 78, 3998
2017-10-04 08:14:48,678 INFO 78, 3998
2017-10-04 08:15:48,732 INFO 78, 3998
2017-10-04 08:16:48,787 INFO 79, 4007
2017-10-04 08:17:48,792 INFO 79, 4004
2017-10-04 08:18:48,797 INFO 80, 4014
2017-10-04 08:19:48,851 INFO 79, 4011
2017-10-04 08:20:48,856 INFO 81, 4020
2017-10-04 08:21:48,862 INFO 82, 4027
2017-10-04 08:22:48,867 INFO 82, 4020
2017-10-04 08:23:48,872 INFO 82, 4030
2017-10-04 08:24:48,926 INFO 81, 4024
2017-10-04 08:25:48,931 INFO 82, 4030
2017-10-04 08:26:48,936 INFO 82, 4030
2017-10-04 08:27:48,941 INFO 83, 4034
2017-10-04 08:28:48,946 INFO 83, 4030
2017-10-04 08:29:49,000 INFO 85, 4040
2017-10-04 08:30:49,056 INFO 83, 4040
2017-10-04 08:31:49,061 INFO 82, 4047
2017-10-04 08:32:49,066 INFO 84, 4043
2017-10-04 08:33:49,120 INFO 84, 4047
2017-10-04 08:34:49,125 INFO 83, 4040
2017-10-04 08:35:49,129 INFO 85, 4053
2017-10-04 08:36:49,133 INFO 85, 4060
2017-10-04 08:37:49,236 INFO 86, 4060
2017-10-04 08:38:49,241 INFO 85, 4057
2017-10-04 08:39:49,246 INFO 86, 4067
2017-10-04 08:40:49,251 INFO 87, 4063
2017-10-04 08:41:49,256 INFO 87, 4067
2017-10-04 08:42:49,262 INFO 88, 4080
2017-10-04 08:43:49,267 INFO 87, 4083
2017-10-04 08:44:49,272 INFO 88, 4080
2017-10-04 08:45:49,277 INFO 89, 4090
2017-10-04 08:46:49,380 INFO 89, 4073
2017-10-04 08:47:49,385 INFO 89, 4090
2017-10-04 08:48:49,390 INFO 89, 4087
2017-10-04 08:49:49,395 INFO 89, 4104
2017-10-04 08:50:49,400 INFO 91, 4097
2017-10-04 08:51:49,405 INFO 91, 4097
2017-10-04 08:52:49,410 INFO 91, 4110
2017-10-04 08:53:49,514 INFO 93, 4110
2017-10-04 08:54:49,519 INFO 93, 4128
2017-10-04 08:55:49,524 INFO 94, 4141
2017-10-04 08:56:49,529 INFO 94, 4131
2017-10-04 08:57:49,632 INFO 96, 4148
2017-10-04 08:58:49,638 INFO 94, 4131
2017-10-04 08:59:49,643 INFO 94, 4155
2017-10-04 09:00:49,648 INFO 94, 4166
2017-10-04 09:01:49,653 INFO 96, 4162
2017-10-04 09:02:49,659 INFO 99, 4162
2017-10-04 09:03:49,664 INFO 96, 4180
2017-10-04 09:04:49,719 INFO 98, 4159
2017-10-04 09:05:49,724 INFO 98, 4183
2017-10-04 09:06:49,778 INFO 99, 4187
2017-10-04 09:07:49,881 INFO 98, 4159
2017-10-04 09:08:49,887 INFO 100, 4190
2017-10-04 09:09:49,895 INFO 95, 4159
2017-10-04 09:10:49,903 INFO 98, 4176
2017-10-04 09:11:49,963 INFO 99, 4173
2017-10-04 09:12:49,968 INFO 99, 4173
2017-10-04 09:13:49,976 INFO 100, 4180
2017-10-04 09:14:49,982 INFO 98, 4166
2017-10-04 09:15:50,023 INFO 99, 4173
2017-10-04 09:16:50,028 INFO 99, 4173
2017-10-04 09:17:50,033 INFO 98, 4166
2017-10-04 09:18:50,129 INFO 99, 4173
2017-10-04 09:19:50,143 INFO 99, 4169
2017-10-04 09:20:50,198 INFO 100, 4176
2017-10-04 09:21:50,206 INFO 99, 4173
2017-10-04 09:22:50,216 INFO 100, 4180
2017-10-04 09:23:50,221 INFO 98, 4166
2017-10-04 09:24:50,230 INFO 99, 4169
2017-10-04 09:25:50,289 INFO 98, 4166
2017-10-04 09:26:50,293 INFO 98, 4166
2017-10-04 09:27:50,299 INFO 99, 4169
2017-10-04 09:28:50,359 INFO 99, 4169
2017-10-04 09:29:50,364 INFO 99, 4169
2017-10-04 09:30:50,369 INFO 98, 4159
2017-10-04 09:31:50,423 INFO 99, 4173
2017-10-04 09:32:50,429 INFO 100, 4176
2017-10-04 09:33:50,434 INFO 98, 4162
2017-10-04 09:34:50,488 INFO 99, 4173
2017-10-04 09:35:50,493 INFO 99, 4173
2017-10-04 09:36:50,549 INFO 96, 4145
2017-10-04 09:37:50,603 INFO 99, 4155
2017-10-04 09:38:50,608 INFO 99, 4166
2017-10-04 09:39:50,613 INFO 99, 4176
2017-10-04 09:40:50,618 INFO 99, 4166
2017-10-04 09:41:50,623 INFO 99, 4159
2017-10-04 09:42:50,727 INFO 98, 4162
2017-10-04 09:43:50,732 INFO 98, 4176
2017-10-04 09:44:50,786 INFO 97, 4176
2017-10-04 09:45:50,792 INFO 99, 4169
2017-10-04 09:46:50,797 INFO 83, 4057
2017-10-04 09:47:50,802 INFO 82, 4050
2017-10-04 09:48:50,807 INFO 83, 4037
2017-10-04 09:49:50,861 INFO 83, 4034
2017-10-04 09:50:50,866 INFO 80, 4027
2017-10-04 09:51:50,971 INFO 82, 4027
2017-10-04 09:52:50,976 INFO 82, 4017
2017-10-04 09:53:50,981 INFO 81, 4017
2017-10-04 09:54:51,036 INFO 81, 4011
2017-10-04 09:55:51,041 INFO 80, 4007
2017-10-04 09:56:51,046 INFO 81, 4007
2017-10-04 09:57:51,051 INFO 79, 4007
2017-10-04 09:58:51,106 INFO 78, 3998
2017-10-04 09:59:51,209 INFO 78, 3988
2017-10-04 10:00:51,214 INFO 78, 3988
2017-10-04 10:01:51,219 INFO 77, 3991
2017-10-04 10:02:51,224 INFO 76, 3982
2017-10-04 10:03:51,229 INFO 75, 3972
2017-10-04 10:04:51,285 INFO 76, 3953
2017-10-04 10:05:51,290 INFO 75, 3972
2017-10-04 10:06:51,295 INFO 75, 3969
2017-10-04 10:07:51,349 INFO 75, 3969
2017-10-04 10:08:51,354 INFO 75, 3966
2017-10-04 10:09:51,360 INFO 73, 3959
2017-10-04 10:10:51,414 INFO 73, 3963
2017-10-04 10:11:51,468 INFO 72, 3953
2017-10-04 10:12:51,473 INFO 70, 3956
2017-10-04 10:13:51,528 INFO 71, 3950
2017-10-04 10:14:51,533 INFO 72, 3941
2017-10-04 10:15:51,538 INFO 71, 3947
2017-10-04 10:16:51,543 INFO 69, 3944
2017-10-04 10:17:51,548 INFO 69, 3937
2017-10-04 10:18:51,604 INFO 70, 3934
2017-10-04 10:19:51,609 INFO 69, 3928
2017-10-04 10:20:51,614 INFO 66, 3925
2017-10-04 10:21:51,671 INFO 66, 3928
2017-10-04 10:22:51,725 INFO 65, 3916
2017-10-04 10:23:51,780 INFO 65, 3906
2017-10-04 10:24:51,785 INFO 64, 3909
2017-10-04 10:25:51,839 INFO 64, 4024
2017-10-04 10:26:51,942 INFO 64, 3897
2017-10-04 10:27:51,948 INFO 63, 3909
2017-10-04 10:28:51,953 INFO 64, 3894
2017-10-04 10:29:51,958 INFO 62, 3894
2017-10-04 10:30:51,963 INFO 61, 3900
2017-10-04 10:31:51,968 INFO 61, 3894
2017-10-04 10:32:51,973 INFO 61, 3885
2017-10-04 10:33:51,979 INFO 60, 3891
2017-10-04 10:34:51,984 INFO 61, 3879
2017-10-04 10:35:51,989 INFO 59, 3882
2017-10-04 10:36:51,994 INFO 58, 3879
2017-10-04 10:37:52,098 INFO 59, 3888
2017-10-04 10:38:52,152 INFO 58, 3876
2017-10-04 10:39:52,157 INFO 58, 3870
2017-10-04 10:40:52,162 INFO 58, 3876
2017-10-04 10:41:52,167 INFO 58, 3864
2017-10-04 10:42:52,172 INFO 57, 3864
2017-10-04 10:43:52,178 INFO 57, 3867
2017-10-04 10:44:52,183 INFO 57, 3870
2017-10-04 10:45:52,188 INFO 56, 3855
2017-10-04 10:46:52,193 INFO 57, 3867
2017-10-04 10:47:52,199 INFO 57, 3849
2017-10-04 10:48:52,204 INFO 55, 3855
2017-10-04 10:49:52,209 INFO 55, 3849
2017-10-04 10:50:52,263 INFO 53, 3849
2017-10-04 10:51:52,318 INFO 55, 3849
2017-10-04 10:52:52,372 INFO 55, 3849
2017-10-04 10:53:52,378 INFO 52, 3840
2017-10-04 10:54:52,383 INFO 52, 3843
2017-10-04 10:55:52,388 INFO 51, 3834
2017-10-04 10:56:52,393 INFO 51, 3840
2017-10-04 10:57:52,398 INFO 51, 3834
2017-10-04 10:58:52,403 INFO 51, 3834
2017-10-04 10:59:52,409 INFO 50, 3831
2017-10-04 11:00:52,463 INFO 51, 3828
2017-10-04 11:01:52,468 INFO 50, 3822
2017-10-04 11:02:52,473 INFO 49, 3822
2017-10-04 11:03:52,478 INFO 49, 3819
2017-10-04 11:04:52,484 INFO 48, 3822
2017-10-04 11:05:52,489 INFO 44, 3813
2017-10-04 11:06:52,494 INFO 44, 3813
2017-10-04 11:07:52,499 INFO 44, 3810
2017-10-04 11:08:52,504 INFO 45, 3819
2017-10-04 11:09:52,509 INFO 44, 3810
2017-10-04 11:10:52,614 INFO 38, 3793
2017-10-04 11:11:52,618 INFO 41, 3793
2017-10-04 11:12:52,623 INFO 38, 3802
2017-10-04 11:13:52,677 INFO 38, 3802
2017-10-04 11:14:52,683 INFO 37, 3790
2017-10-04 11:15:52,688 INFO 30, 3790
2017-10-04 11:16:52,742 INFO 33, 3784
2017-10-04 11:17:52,797 INFO 37, 3784
2017-10-04 11:18:52,853 INFO 33, 3775
2017-10-04 11:19:52,907 INFO 30, 3784
2017-10-04 11:20:52,913 INFO 28, 3775
2017-10-04 11:21:52,918 INFO 30, 3781
2017-10-04 11:22:52,923 INFO 25, 3761
2017-10-04 11:23:52,928 INFO 27, 3767
2017-10-04 11:24:52,983 INFO 28, 3761
2017-10-04 11:25:53,037 INFO 23, 3758
2017-10-04 11:26:53,042 INFO 23, 3764
2017-10-04 11:27:53,047 INFO 23, 3753
2017-10-04 11:28:53,053 INFO 22, 3755
2017-10-04 11:29:53,058 INFO 23, 3755
2017-10-04 11:30:53,063 INFO 23, 3747
2017-10-04 11:31:53,118 INFO 23, 3747
2017-10-04 11:32:53,173 INFO 22, 3747
2017-10-04 11:33:53,178 INFO 22, 3744
2017-10-04 11:34:53,183 INFO 20, 3744
2017-10-04 11:35:53,187 INFO 19, 3713
2017-10-04 11:36:53,190 INFO 19, 3733
2017-10-04 11:37:53,195 INFO 22, 3741
2017-10-04 11:38:53,200 INFO 18, 3736
2017-10-04 11:39:53,206 INFO 18, 3736
2017-10-04 11:40:53,211 INFO 16, 3730
2017-10-04 11:41:53,216 INFO 17, 3736
2017-10-04 11:42:53,319 INFO 19, 3724
2017-10-04 11:43:53,374 INFO 18, 3724
2017-10-04 11:44:53,428 INFO 17, 3727
2017-10-04 11:45:53,433 INFO 18, 3724
2017-10-04 11:46:53,439 INFO 16, 3719
2017-10-04 11:47:53,444 INFO 18, 3730
2017-10-04 11:48:53,498 INFO 15, 3719
2017-10-04 11:49:53,504 INFO 17, 3710
2017-10-04 11:50:53,558 INFO 16, 3727
2017-10-04 11:51:53,563 INFO 16, 3708
2017-10-04 11:52:53,569 INFO 16, 3716
2017-10-04 11:53:53,672 INFO 14, 3713
2017-10-04 11:54:53,677 INFO 15, 3710
2017-10-04 11:55:53,781 INFO 14, 3716
2017-10-04 11:56:53,787 INFO 15, 3710
2017-10-04 11:57:53,792 INFO 14, 3710
2017-10-04 11:58:53,797 INFO 14, 3710
2017-10-04 11:59:53,852 INFO 14, 3705
2017-10-04 12:00:53,956 INFO 13, 3705
2017-10-04 12:01:54,059 INFO 13, 3708
2017-10-04 12:02:54,114 INFO 12, 3710
2017-10-04 12:03:54,168 INFO 13, 3708
2017-10-04 12:04:54,173 INFO 12, 3694
2017-10-04 12:05:54,178 INFO 12, 3699
2017-10-04 12:06:54,184 INFO 13, 3699
2017-10-04 12:07:54,189 INFO 13, 3697
2017-10-04 12:08:54,194 INFO 11, 3699
2017-10-04 12:09:54,200 INFO 11, 3697
2017-10-04 12:10:54,205 INFO 12, 3683
2017-10-04 12:11:54,259 INFO 10, 3697
2017-10-04 12:12:54,363 INFO 12, 3688
2017-10-04 12:13:54,469 INFO 11, 3691
2017-10-04 12:14:54,475 INFO 11, 3683
2017-10-04 12:15:54,578 INFO 11, 3691
2017-10-04 12:16:54,683 INFO 11, 3686
2017-10-04 12:17:54,788 INFO 9, 3694
2017-10-04 12:18:54,843 INFO 7, 3697
2017-10-04 12:19:54,848 INFO 7, 3686
2017-10-04 12:20:54,854 INFO 7, 3677
2017-10-04 12:21:54,911 INFO 9, 3680
2017-10-04 12:22:55,016 INFO 10, 3680
2017-10-04 12:23:55,021 INFO 7, 3683
2017-10-04 12:24:55,076 INFO 9, 3672
2017-10-04 12:25:55,130 INFO 7, 3672
2017-10-04 12:26:55,134 INFO 7, 3669
2017-10-04 12:27:55,139 INFO 10, 3672
2017-10-04 12:28:55,194 INFO 6, 3680
2017-10-04 12:29:55,248 INFO 6, 3691
2017-10-04 12:30:55,254 INFO 7, 3680
2017-10-04 12:31:55,259 INFO 6, 3677
2017-10-04 12:32:55,264 INFO 6, 3680
2017-10-04 12:33:55,270 INFO 6, 3677
2017-10-04 12:34:55,275 INFO 7, 3672
2017-10-04 12:35:55,377 INFO 6, 3661
2017-10-04 12:36:55,382 INFO 6, 3675
2017-10-04 12:37:55,387 INFO 6, 3645
2017-10-04 12:38:55,442 INFO 6, 3667
2017-10-04 12:39:55,447 INFO 6, 3667
2017-10-04 12:40:55,452 INFO 6, 3658
2017-10-04 12:41:55,457 INFO 6, 3667
2017-10-04 12:42:55,513 INFO 6, 3675
2017-10-04 12:43:55,518 INFO 6, 3667
2017-10-04 12:44:55,523 INFO 5, 3664
2017-10-04 12:45:55,528 INFO 5, 3664
2017-10-04 12:46:55,533 INFO 6, 3658
2017-10-04 12:47:55,538 INFO 5, 3664
2017-10-04 12:48:55,544 INFO 5, 3658
2017-10-04 12:49:55,549 INFO 5, 3658
2017-10-04 12:50:55,652 INFO 5, 3656
2017-10-04 12:51:55,658 INFO 5, 3656
2017-10-04 12:52:55,712 INFO 6, 3648
2017-10-04 12:53:55,717 INFO 6, 3656
2017-10-04 12:54:55,722 INFO 5, 3653
2017-10-04 12:55:55,727 INFO 5, 3648
2017-10-04 12:56:55,782 INFO 5, 3648
2017-10-04 12:57:55,838 INFO 5, 3645
2017-10-04 12:58:55,843 INFO 5, 3656
2017-10-04 12:59:55,848 INFO 5, 3656
2017-10-04 13:00:55,902 INFO 5, 3664
2017-10-04 13:01:55,907 INFO 5, 3648
2017-10-04 13:02:55,912 INFO 5, 3645
2017-10-04 13:03:55,917 INFO 5, 3645
2017-10-04 13:04:55,971 INFO 5, 3637
2017-10-04 13:05:55,976 INFO 5, 3650
2017-10-04 13:06:55,982 INFO 5, 3642
2017-10-04 13:07:55,987 INFO 5, 3640
2017-10-04 13:08:56,042 INFO 5, 3632
2017-10-04 13:09:56,097 INFO 5, 3632
2017-10-04 13:10:56,102 INFO 4, 3637
2017-10-04 13:11:56,158 INFO 5, 3632
2017-10-04 13:12:56,163 INFO 5, 3624
2017-10-04 13:13:56,168 INFO 4, 3632
2017-10-04 13:14:56,174 INFO 4, 3613
2017-10-04 13:15:56,179 INFO 4, 3624
2017-10-04 13:16:56,233 INFO 4, 3624
2017-10-04 13:17:56,288 INFO 4, 3616
2017-10-04 13:18:56,294 INFO 4, 3608
2017-10-04 13:19:56,299 INFO 4, 3610
2017-10-04 13:20:56,354 INFO 4, 3603
2017-10-04 13:21:56,359 INFO 4, 3608
2017-10-04 13:22:56,364 INFO 4, 3600
2017-10-04 13:23:56,370 INFO 4, 3597
2017-10-04 13:24:56,375 INFO 4, 3600
2017-10-04 13:25:56,380 INFO 4, 3595
2017-10-04 13:26:56,387 INFO 4, 3590
2017-10-04 13:27:56,392 INFO 4, 3582
2017-10-04 13:28:56,397 INFO 3, 3582
2017-10-04 13:29:56,451 INFO 4, 3587
2017-10-04 13:30:56,456 INFO 4, 3582
2017-10-04 13:31:56,462 INFO 3, 3582
2017-10-04 13:32:56,467 INFO 3, 3579
2017-10-04 13:33:56,472 INFO 4, 3582
2017-10-04 13:34:56,477 INFO 3, 3579
2017-10-04 13:35:56,532 INFO 3, 3582
2017-10-04 13:36:56,587 INFO 3, 3582
2017-10-04 13:37:56,592 INFO 3, 3579
2017-10-04 13:38:56,598 INFO 3, 3569
2017-10-04 13:39:56,603 INFO 3, 3571
2017-10-04 13:40:56,608 INFO 3, 3566
2017-10-04 13:41:56,662 INFO 3, 3566
2017-10-04 13:42:56,667 INFO 3, 3564
2017-10-04 13:43:56,673 INFO 3, 3566
2017-10-04 13:44:56,678 INFO 3, 3554
2017-10-04 13:45:56,683 INFO 3, 3556
2017-10-04 13:46:56,688 INFO 3, 3561
2017-10-04 13:47:56,742 INFO 3, 3548
2017-10-04 13:48:56,747 INFO 3, 3543
2017-10-04 13:49:56,752 INFO 3, 3538
2017-10-04 13:50:56,758 INFO 3, 3528
2017-10-04 13:51:56,763 INFO 2, 3516
2017-10-04 13:52:56,768 INFO 2, 3501
2017-10-04 13:53:56,773 INFO 2, 3481
2017-10-04 13:54:56,827 INFO 2, 3462
2017-10-04 13:55:56,883 INFO 2, 3431
2017-10-04 13:56:56,888 INFO 1, 3402
2017-10-04 13:57:56,991 INFO 1, 3365
2017-10-04 13:58:56,997 INFO 1, 3320
2017-10-04 13:59:57,002 INFO 0, 3270
